<?xml version="1.0" encoding="UTF-8"?>
<testsuite name="JunitTest" tests="1" skipped="0" failures="0" errors="0" timestamp="2022-05-23T12:16:40" hostname="APULATJONOV" time="0.049">
  <properties/>
  <testcase name="testIsNumberPositive()" classname="JunitTest" time="0.049"/>
  <system-out><![CDATA[]]></system-out>
  <system-err><![CDATA[]]></system-err>
</testsuite>
